{"C:\\Users\\Dell\\Desktop\\BackEnd\\expressjsdblab-shevchukkatrina\\app.js": {"path":"C:\\Users\\Dell\\Desktop\\BackEnd\\expressjsdblab-shevchukkatrina\\app.js","statementMap":{"0":{"start":{"line":1,"column":20},"end":{"line":1,"column":42}},"1":{"start":{"line":2,"column":16},"end":{"line":2,"column":34}},"2":{"start":{"line":3,"column":18},"end":{"line":3,"column":47}},"3":{"start":{"line":4,"column":21},"end":{"line":4,"column":45}},"4":{"start":{"line":5,"column":13},"end":{"line":5,"column":28}},"5":{"start":{"line":6,"column":21},"end":{"line":6,"column":45}},"6":{"start":{"line":7,"column":15},"end":{"line":7,"column":32}},"7":{"start":{"line":8,"column":30},"end":{"line":8,"column":65}},"8":{"start":{"line":9,"column":31},"end":{"line":9,"column":67}},"9":{"start":{"line":10,"column":0},"end":{"line":10,"column":27}},"10":{"start":{"line":12,"column":20},"end":{"line":12,"column":45}},"11":{"start":{"line":13,"column":20},"end":{"line":13,"column":45}},"12":{"start":{"line":14,"column":26},"end":{"line":14,"column":57}},"13":{"start":{"line":16,"column":12},"end":{"line":16,"column":21}},"14":{"start":{"line":19,"column":0},"end":{"line":19,"column":48}},"15":{"start":{"line":20,"column":0},"end":{"line":20,"column":30}},"16":{"start":{"line":22,"column":0},"end":{"line":22,"column":23}},"17":{"start":{"line":23,"column":0},"end":{"line":23,"column":24}},"18":{"start":{"line":24,"column":0},"end":{"line":24,"column":49}},"19":{"start":{"line":25,"column":0},"end":{"line":25,"column":24}},"20":{"start":{"line":26,"column":0},"end":{"line":26,"column":56}},"21":{"start":{"line":28,"column":23},"end":{"line":43,"column":1}},"22":{"start":{"line":45,"column":20},"end":{"line":45,"column":48}},"23":{"start":{"line":47,"column":0},"end":{"line":50,"column":3}},"24":{"start":{"line":48,"column":4},"end":{"line":48,"column":54}},"25":{"start":{"line":49,"column":4},"end":{"line":49,"column":26}},"26":{"start":{"line":52,"column":0},"end":{"line":52,"column":68}},"27":{"start":{"line":55,"column":0},"end":{"line":55,"column":31}},"28":{"start":{"line":56,"column":0},"end":{"line":56,"column":32}},"29":{"start":{"line":59,"column":0},"end":{"line":59,"column":26}},"30":{"start":{"line":60,"column":0},"end":{"line":60,"column":31}},"31":{"start":{"line":61,"column":0},"end":{"line":61,"column":43}},"32":{"start":{"line":64,"column":0},"end":{"line":66,"column":3}},"33":{"start":{"line":65,"column":4},"end":{"line":65,"column":27}},"34":{"start":{"line":70,"column":0},"end":{"line":78,"column":3}},"35":{"start":{"line":72,"column":4},"end":{"line":72,"column":37}},"36":{"start":{"line":73,"column":4},"end":{"line":73,"column":71}},"37":{"start":{"line":76,"column":4},"end":{"line":76,"column":34}},"38":{"start":{"line":77,"column":4},"end":{"line":77,"column":24}},"39":{"start":{"line":80,"column":0},"end":{"line":80,"column":21}}},"fnMap":{"0":{"name":"(anonymous_0)","decl":{"start":{"line":47,"column":26},"end":{"line":47,"column":27}},"loc":{"start":{"line":47,"column":40},"end":{"line":50,"column":1}},"line":47},"1":{"name":"(anonymous_1)","decl":{"start":{"line":64,"column":8},"end":{"line":64,"column":9}},"loc":{"start":{"line":64,"column":28},"end":{"line":66,"column":1}},"line":64},"2":{"name":"(anonymous_2)","decl":{"start":{"line":70,"column":8},"end":{"line":70,"column":9}},"loc":{"start":{"line":70,"column":33},"end":{"line":78,"column":1}},"line":70}},"branchMap":{"0":{"loc":{"start":{"line":73,"column":23},"end":{"line":73,"column":70}},"type":"cond-expr","locations":[{"start":{"line":73,"column":62},"end":{"line":73,"column":65}},{"start":{"line":73,"column":68},"end":{"line":73,"column":70}}],"line":73},"1":{"loc":{"start":{"line":76,"column":15},"end":{"line":76,"column":32}},"type":"binary-expr","locations":[{"start":{"line":76,"column":15},"end":{"line":76,"column":25}},{"start":{"line":76,"column":29},"end":{"line":76,"column":32}}],"line":76}},"s":{"0":1,"1":1,"2":1,"3":1,"4":1,"5":1,"6":1,"7":1,"8":1,"9":1,"10":1,"11":1,"12":1,"13":1,"14":1,"15":1,"16":1,"17":1,"18":1,"19":1,"20":1,"21":1,"22":1,"23":1,"24":0,"25":0,"26":1,"27":1,"28":1,"29":1,"30":1,"31":1,"32":1,"33":0,"34":1,"35":0,"36":0,"37":0,"38":0,"39":1},"f":{"0":0,"1":0,"2":0},"b":{"0":[0,0],"1":[0,0]},"_coverageSchema":"1a1c01bbd47fc00a2c39e90264f33305004495a9","hash":"07d8b1648195ff047cd1631023380052ace334e4"}
,"C:\\Users\\Dell\\Desktop\\BackEnd\\expressjsdblab-shevchukkatrina\\config\\db.config.js": {"path":"C:\\Users\\Dell\\Desktop\\BackEnd\\expressjsdblab-shevchukkatrina\\config\\db.config.js","statementMap":{"0":{"start":{"line":1,"column":15},"end":{"line":11,"column":1}},"1":{"start":{"line":12,"column":0},"end":{"line":12,"column":24}}},"fnMap":{},"branchMap":{},"s":{"0":1,"1":1},"f":{},"b":{},"_coverageSchema":"1a1c01bbd47fc00a2c39e90264f33305004495a9","hash":"8f90dd84762345e709e1181c444ae9462878653d"}
,"C:\\Users\\Dell\\Desktop\\BackEnd\\expressjsdblab-shevchukkatrina\\controllers\\instructor.controller.js": {"path":"C:\\Users\\Dell\\Desktop\\BackEnd\\expressjsdblab-shevchukkatrina\\controllers\\instructor.controller.js","statementMap":{"0":{"start":{"line":1,"column":19},"end":{"line":1,"column":56}},"1":{"start":{"line":42,"column":23},"end":{"line":46,"column":1}},"2":{"start":{"line":43,"column":22},"end":{"line":43,"column":47}},"3":{"start":{"line":44,"column":2},"end":{"line":44,"column":27}},"4":{"start":{"line":45,"column":2},"end":{"line":45,"column":36}},"5":{"start":{"line":73,"column":22},"end":{"line":95,"column":1}},"6":{"start":{"line":74,"column":18},"end":{"line":74,"column":26}},"7":{"start":{"line":76,"column":2},"end":{"line":94,"column":3}},"8":{"start":{"line":77,"column":19},"end":{"line":77,"column":43}},"9":{"start":{"line":78,"column":20},"end":{"line":81,"column":5}},"10":{"start":{"line":82,"column":19},"end":{"line":82,"column":51}},"11":{"start":{"line":83,"column":4},"end":{"line":83,"column":24}},"12":{"start":{"line":84,"column":4},"end":{"line":90,"column":5}},"13":{"start":{"line":85,"column":6},"end":{"line":87,"column":68}},"14":{"start":{"line":89,"column":6},"end":{"line":89,"column":46}},"15":{"start":{"line":92,"column":4},"end":{"line":92,"column":25}},"16":{"start":{"line":93,"column":4},"end":{"line":93,"column":77}},"17":{"start":{"line":119,"column":25},"end":{"line":134,"column":1}},"18":{"start":{"line":120,"column":17},"end":{"line":120,"column":27}},"19":{"start":{"line":122,"column":2},"end":{"line":133,"column":3}},"20":{"start":{"line":123,"column":19},"end":{"line":123,"column":46}},"21":{"start":{"line":125,"column":4},"end":{"line":127,"column":5}},"22":{"start":{"line":126,"column":6},"end":{"line":126,"column":71}},"23":{"start":{"line":129,"column":4},"end":{"line":129,"column":73}},"24":{"start":{"line":131,"column":4},"end":{"line":131,"column":25}},"25":{"start":{"line":132,"column":4},"end":{"line":132,"column":67}},"26":{"start":{"line":136,"column":0},"end":{"line":140,"column":2}}},"fnMap":{"0":{"name":"(anonymous_0)","decl":{"start":{"line":42,"column":23},"end":{"line":42,"column":24}},"loc":{"start":{"line":42,"column":43},"end":{"line":46,"column":1}},"line":42},"1":{"name":"(anonymous_1)","decl":{"start":{"line":73,"column":22},"end":{"line":73,"column":23}},"loc":{"start":{"line":73,"column":42},"end":{"line":95,"column":1}},"line":73},"2":{"name":"(anonymous_2)","decl":{"start":{"line":119,"column":25},"end":{"line":119,"column":26}},"loc":{"start":{"line":119,"column":45},"end":{"line":134,"column":1}},"line":119}},"branchMap":{"0":{"loc":{"start":{"line":84,"column":4},"end":{"line":90,"column":5}},"type":"if","locations":[{"start":{"line":84,"column":4},"end":{"line":90,"column":5}},{"start":{"line":88,"column":11},"end":{"line":90,"column":5}}],"line":84},"1":{"loc":{"start":{"line":125,"column":4},"end":{"line":127,"column":5}},"type":"if","locations":[{"start":{"line":125,"column":4},"end":{"line":127,"column":5}},{"start":{},"end":{}}],"line":125}},"s":{"0":1,"1":1,"2":1,"3":1,"4":1,"5":1,"6":1,"7":1,"8":1,"9":1,"10":1,"11":1,"12":1,"13":1,"14":0,"15":0,"16":0,"17":1,"18":1,"19":1,"20":1,"21":1,"22":0,"23":1,"24":0,"25":0,"26":1},"f":{"0":1,"1":1,"2":1},"b":{"0":[1,0],"1":[0,1]},"_coverageSchema":"1a1c01bbd47fc00a2c39e90264f33305004495a9","hash":"b14f33895e98514076b4aa173f689cf2bdf6bc88"}
,"C:\\Users\\Dell\\Desktop\\BackEnd\\expressjsdblab-shevchukkatrina\\controllers\\users.controller.js": {"path":"C:\\Users\\Dell\\Desktop\\BackEnd\\expressjsdblab-shevchukkatrina\\controllers\\users.controller.js","statementMap":{"0":{"start":{"line":1,"column":19},"end":{"line":1,"column":56}},"1":{"start":{"line":23,"column":14},"end":{"line":42,"column":1}},"2":{"start":{"line":61,"column":17},"end":{"line":66,"column":1}},"3":{"start":{"line":63,"column":24},"end":{"line":63,"column":49}},"4":{"start":{"line":64,"column":4},"end":{"line":64,"column":29}},"5":{"start":{"line":65,"column":4},"end":{"line":65,"column":38}},"6":{"start":{"line":68,"column":16},"end":{"line":73,"column":1}},"7":{"start":{"line":69,"column":17},"end":{"line":69,"column":25}},"8":{"start":{"line":70,"column":4},"end":{"line":70,"column":31}},"9":{"start":{"line":71,"column":4},"end":{"line":71,"column":21}},"10":{"start":{"line":72,"column":4},"end":{"line":72,"column":31}},"11":{"start":{"line":75,"column":0},"end":{"line":78,"column":2}}},"fnMap":{"0":{"name":"(anonymous_0)","decl":{"start":{"line":61,"column":17},"end":{"line":61,"column":18}},"loc":{"start":{"line":61,"column":37},"end":{"line":66,"column":1}},"line":61},"1":{"name":"(anonymous_1)","decl":{"start":{"line":68,"column":16},"end":{"line":68,"column":17}},"loc":{"start":{"line":68,"column":36},"end":{"line":73,"column":1}},"line":68}},"branchMap":{},"s":{"0":1,"1":1,"2":1,"3":0,"4":0,"5":0,"6":1,"7":0,"8":0,"9":0,"10":0,"11":1},"f":{"0":0,"1":0},"b":{},"_coverageSchema":"1a1c01bbd47fc00a2c39e90264f33305004495a9","hash":"c7ea9b086649bc821b1a35dd1fc41526c4b3bb7f"}
,"C:\\Users\\Dell\\Desktop\\BackEnd\\expressjsdblab-shevchukkatrina\\middleware\\performance.js": {"path":"C:\\Users\\Dell\\Desktop\\BackEnd\\expressjsdblab-shevchukkatrina\\middleware\\performance.js","statementMap":{"0":{"start":{"line":1,"column":0},"end":{"line":15,"column":2}},"1":{"start":{"line":2,"column":16},"end":{"line":2,"column":32}},"2":{"start":{"line":4,"column":2},"end":{"line":12,"column":5}},"3":{"start":{"line":5,"column":17},"end":{"line":5,"column":38}},"4":{"start":{"line":6,"column":25},"end":{"line":6,"column":55}},"5":{"start":{"line":7,"column":4},"end":{"line":11,"column":6}},"6":{"start":{"line":14,"column":2},"end":{"line":14,"column":9}}},"fnMap":{"0":{"name":"(anonymous_0)","decl":{"start":{"line":1,"column":17},"end":{"line":1,"column":18}},"loc":{"start":{"line":1,"column":37},"end":{"line":15,"column":1}},"line":1},"1":{"name":"(anonymous_1)","decl":{"start":{"line":4,"column":19},"end":{"line":4,"column":20}},"loc":{"start":{"line":4,"column":25},"end":{"line":12,"column":3}},"line":4}},"branchMap":{},"s":{"0":1,"1":3,"2":3,"3":3,"4":3,"5":3,"6":3},"f":{"0":3,"1":3},"b":{},"_coverageSchema":"1a1c01bbd47fc00a2c39e90264f33305004495a9","hash":"8db9510e82953b8e0a7a35027c7d78fb1ba8ac7f"}
,"C:\\Users\\Dell\\Desktop\\BackEnd\\expressjsdblab-shevchukkatrina\\middleware\\requestStats.js": {"path":"C:\\Users\\Dell\\Desktop\\BackEnd\\expressjsdblab-shevchukkatrina\\middleware\\requestStats.js","statementMap":{"0":{"start":{"line":1,"column":0},"end":{"line":7,"column":2}},"1":{"start":{"line":2,"column":2},"end":{"line":5,"column":5}},"2":{"start":{"line":6,"column":2},"end":{"line":6,"column":9}}},"fnMap":{"0":{"name":"(anonymous_0)","decl":{"start":{"line":1,"column":17},"end":{"line":1,"column":18}},"loc":{"start":{"line":1,"column":37},"end":{"line":7,"column":1}},"line":1}},"branchMap":{},"s":{"0":1,"1":3,"2":3},"f":{"0":3},"b":{},"_coverageSchema":"1a1c01bbd47fc00a2c39e90264f33305004495a9","hash":"0fcb3e852e3801397b46c4818d030355ba086df2"}
,"C:\\Users\\Dell\\Desktop\\BackEnd\\expressjsdblab-shevchukkatrina\\models\\db.js": {"path":"C:\\Users\\Dell\\Desktop\\BackEnd\\expressjsdblab-shevchukkatrina\\models\\db.js","statementMap":{"0":{"start":{"line":1,"column":14},"end":{"line":1,"column":39}},"1":{"start":{"line":2,"column":15},"end":{"line":2,"column":45}},"2":{"start":{"line":5,"column":23},"end":{"line":5,"column":62}},"3":{"start":{"line":6,"column":22},"end":{"line":6,"column":59}},"4":{"start":{"line":8,"column":4},"end":{"line":8,"column":19}},"5":{"start":{"line":11,"column":0},"end":{"line":13,"column":2}}},"fnMap":{"0":{"name":"query","decl":{"start":{"line":4,"column":15},"end":{"line":4,"column":20}},"loc":{"start":{"line":4,"column":34},"end":{"line":9,"column":1}},"line":4}},"branchMap":{},"s":{"0":1,"1":1,"2":5,"3":5,"4":5,"5":1},"f":{"0":5},"b":{},"_coverageSchema":"1a1c01bbd47fc00a2c39e90264f33305004495a9","hash":"ae739c5fd42edb5da485d91cbe2455cb2c5b013a"}
,"C:\\Users\\Dell\\Desktop\\BackEnd\\expressjsdblab-shevchukkatrina\\models\\department.model.js": {"path":"C:\\Users\\Dell\\Desktop\\BackEnd\\expressjsdblab-shevchukkatrina\\models\\department.model.js","statementMap":{"0":{"start":{"line":1,"column":11},"end":{"line":1,"column":26}},"1":{"start":{"line":5,"column":19},"end":{"line":9,"column":1}},"2":{"start":{"line":6,"column":4},"end":{"line":6,"column":28}},"3":{"start":{"line":7,"column":4},"end":{"line":7,"column":40}},"4":{"start":{"line":8,"column":4},"end":{"line":8,"column":54}},"5":{"start":{"line":11,"column":0},"end":{"line":15,"column":2}},"6":{"start":{"line":12,"column":18},"end":{"line":12,"column":44}},"7":{"start":{"line":13,"column":17},"end":{"line":13,"column":38}},"8":{"start":{"line":14,"column":4},"end":{"line":14,"column":16}},"9":{"start":{"line":17,"column":0},"end":{"line":17,"column":28}}},"fnMap":{"0":{"name":"(anonymous_0)","decl":{"start":{"line":5,"column":19},"end":{"line":5,"column":20}},"loc":{"start":{"line":5,"column":41},"end":{"line":9,"column":1}},"line":5},"1":{"name":"(anonymous_1)","decl":{"start":{"line":11,"column":20},"end":{"line":11,"column":21}},"loc":{"start":{"line":11,"column":32},"end":{"line":15,"column":1}},"line":11}},"branchMap":{},"s":{"0":1,"1":1,"2":0,"3":0,"4":0,"5":1,"6":0,"7":0,"8":0,"9":1},"f":{"0":0,"1":0},"b":{},"_coverageSchema":"1a1c01bbd47fc00a2c39e90264f33305004495a9","hash":"759ca9d32dd7231fb4aee264bb2cc741b410ffff"}
,"C:\\Users\\Dell\\Desktop\\BackEnd\\expressjsdblab-shevchukkatrina\\models\\instructor.model.js": {"path":"C:\\Users\\Dell\\Desktop\\BackEnd\\expressjsdblab-shevchukkatrina\\models\\instructor.model.js","statementMap":{"0":{"start":{"line":1,"column":11},"end":{"line":1,"column":26}},"1":{"start":{"line":3,"column":19},"end":{"line":12,"column":1}},"2":{"start":{"line":4,"column":2},"end":{"line":4,"column":26}},"3":{"start":{"line":5,"column":2},"end":{"line":5,"column":42}},"4":{"start":{"line":6,"column":2},"end":{"line":6,"column":40}},"5":{"start":{"line":7,"column":2},"end":{"line":7,"column":44}},"6":{"start":{"line":8,"column":2},"end":{"line":8,"column":32}},"7":{"start":{"line":9,"column":2},"end":{"line":9,"column":36}},"8":{"start":{"line":10,"column":2},"end":{"line":10,"column":42}},"9":{"start":{"line":11,"column":2},"end":{"line":11,"column":42}},"10":{"start":{"line":14,"column":0},"end":{"line":18,"column":2}},"11":{"start":{"line":15,"column":16},"end":{"line":15,"column":42}},"12":{"start":{"line":16,"column":15},"end":{"line":16,"column":36}},"13":{"start":{"line":17,"column":2},"end":{"line":17,"column":14}},"14":{"start":{"line":20,"column":0},"end":{"line":24,"column":2}},"15":{"start":{"line":21,"column":16},"end":{"line":21,"column":59}},"16":{"start":{"line":22,"column":16},"end":{"line":22,"column":37}},"17":{"start":{"line":23,"column":2},"end":{"line":23,"column":15}},"18":{"start":{"line":26,"column":0},"end":{"line":33,"column":2}},"19":{"start":{"line":27,"column":69},"end":{"line":27,"column":73}},"20":{"start":{"line":28,"column":16},"end":{"line":30,"column":96}},"21":{"start":{"line":31,"column":15},"end":{"line":31,"column":36}},"22":{"start":{"line":32,"column":2},"end":{"line":32,"column":14}},"23":{"start":{"line":35,"column":0},"end":{"line":42,"column":2}},"24":{"start":{"line":36,"column":16},"end":{"line":38,"column":21}},"25":{"start":{"line":40,"column":15},"end":{"line":40,"column":36}},"26":{"start":{"line":41,"column":2},"end":{"line":41,"column":14}},"27":{"start":{"line":44,"column":0},"end":{"line":44,"column":28}}},"fnMap":{"0":{"name":"(anonymous_0)","decl":{"start":{"line":3,"column":19},"end":{"line":3,"column":20}},"loc":{"start":{"line":3,"column":41},"end":{"line":12,"column":1}},"line":3},"1":{"name":"(anonymous_1)","decl":{"start":{"line":14,"column":20},"end":{"line":14,"column":21}},"loc":{"start":{"line":14,"column":32},"end":{"line":18,"column":1}},"line":14},"2":{"name":"(anonymous_2)","decl":{"start":{"line":20,"column":19},"end":{"line":20,"column":20}},"loc":{"start":{"line":20,"column":31},"end":{"line":24,"column":1}},"line":20},"3":{"name":"(anonymous_3)","decl":{"start":{"line":26,"column":20},"end":{"line":26,"column":21}},"loc":{"start":{"line":26,"column":36},"end":{"line":33,"column":1}},"line":26},"4":{"name":"(anonymous_4)","decl":{"start":{"line":35,"column":20},"end":{"line":35,"column":21}},"loc":{"start":{"line":35,"column":34},"end":{"line":42,"column":1}},"line":35}},"branchMap":{},"s":{"0":1,"1":1,"2":0,"3":0,"4":0,"5":0,"6":0,"7":0,"8":0,"9":0,"10":1,"11":1,"12":1,"13":1,"14":1,"15":1,"16":1,"17":1,"18":1,"19":1,"20":1,"21":1,"22":1,"23":1,"24":1,"25":1,"26":1,"27":1},"f":{"0":0,"1":1,"2":1,"3":1,"4":1},"b":{},"_coverageSchema":"1a1c01bbd47fc00a2c39e90264f33305004495a9","hash":"65e01ba3063c94fee3f6d1a46da207bd6b0dae2c"}
,"C:\\Users\\Dell\\Desktop\\BackEnd\\expressjsdblab-shevchukkatrina\\routes\\index.js": {"path":"C:\\Users\\Dell\\Desktop\\BackEnd\\expressjsdblab-shevchukkatrina\\routes\\index.js","statementMap":{"0":{"start":{"line":1,"column":16},"end":{"line":1,"column":34}},"1":{"start":{"line":3,"column":15},"end":{"line":3,"column":31}},"2":{"start":{"line":6,"column":0},"end":{"line":8,"column":3}},"3":{"start":{"line":7,"column":4},"end":{"line":7,"column":46}},"4":{"start":{"line":10,"column":0},"end":{"line":10,"column":24}}},"fnMap":{"0":{"name":"(anonymous_0)","decl":{"start":{"line":6,"column":16},"end":{"line":6,"column":17}},"loc":{"start":{"line":6,"column":30},"end":{"line":8,"column":1}},"line":6}},"branchMap":{},"s":{"0":1,"1":1,"2":1,"3":0,"4":1},"f":{"0":0},"b":{},"_coverageSchema":"1a1c01bbd47fc00a2c39e90264f33305004495a9","hash":"5af3bb5728635fa41e167b8c1ff44bb52c2b0263"}
,"C:\\Users\\Dell\\Desktop\\BackEnd\\expressjsdblab-shevchukkatrina\\routes\\instructors.js": {"path":"C:\\Users\\Dell\\Desktop\\BackEnd\\expressjsdblab-shevchukkatrina\\routes\\instructors.js","statementMap":{"0":{"start":{"line":1,"column":16},"end":{"line":1,"column":34}},"1":{"start":{"line":6,"column":4},"end":{"line":6,"column":51}},"2":{"start":{"line":8,"column":15},"end":{"line":8,"column":31}},"3":{"start":{"line":10,"column":0},"end":{"line":10,"column":32}},"4":{"start":{"line":12,"column":0},"end":{"line":12,"column":32}},"5":{"start":{"line":14,"column":0},"end":{"line":14,"column":40}},"6":{"start":{"line":16,"column":0},"end":{"line":16,"column":24}}},"fnMap":{},"branchMap":{},"s":{"0":1,"1":1,"2":1,"3":1,"4":1,"5":1,"6":1},"f":{},"b":{},"_coverageSchema":"1a1c01bbd47fc00a2c39e90264f33305004495a9","hash":"6edf9fbbcfe75a256f26db108ad93e5103173083"}
,"C:\\Users\\Dell\\Desktop\\BackEnd\\expressjsdblab-shevchukkatrina\\routes\\users.js": {"path":"C:\\Users\\Dell\\Desktop\\BackEnd\\expressjsdblab-shevchukkatrina\\routes\\users.js","statementMap":{"0":{"start":{"line":1,"column":16},"end":{"line":1,"column":34}},"1":{"start":{"line":2,"column":30},"end":{"line":2,"column":72}},"2":{"start":{"line":4,"column":15},"end":{"line":4,"column":31}},"3":{"start":{"line":7,"column":0},"end":{"line":7,"column":26}},"4":{"start":{"line":9,"column":0},"end":{"line":9,"column":29}},"5":{"start":{"line":11,"column":0},"end":{"line":11,"column":24}}},"fnMap":{},"branchMap":{},"s":{"0":1,"1":1,"2":1,"3":1,"4":1,"5":1},"f":{},"b":{},"_coverageSchema":"1a1c01bbd47fc00a2c39e90264f33305004495a9","hash":"34001679977f4a67ea0c0e9e11e823b033a4a40b"}
}
