TN:
SF:app.js
FN:47,(anonymous_0)
FN:64,(anonymous_1)
FN:70,(anonymous_2)
FNF:3
FNH:0
FNDA:0,(anonymous_0)
FNDA:0,(anonymous_1)
FNDA:0,(anonymous_2)
DA:1,1
DA:2,1
DA:3,1
DA:4,1
DA:5,1
DA:6,1
DA:7,1
DA:8,1
DA:9,1
DA:10,1
DA:12,1
DA:13,1
DA:14,1
DA:16,1
DA:19,1
DA:20,1
DA:22,1
DA:23,1
DA:24,1
DA:25,1
DA:26,1
DA:28,1
DA:45,1
DA:47,1
DA:48,0
DA:49,0
DA:52,1
DA:55,1
DA:56,1
DA:59,1
DA:60,1
DA:61,1
DA:64,1
DA:65,0
DA:70,1
DA:72,0
DA:73,0
DA:76,0
DA:77,0
DA:80,1
LF:40
LH:33
BRDA:73,0,0,0
BRDA:73,0,1,0
BRDA:76,1,0,0
BRDA:76,1,1,0
BRF:4
BRH:0
end_of_record
TN:
SF:config\db.config.js
FNF:0
FNH:0
DA:1,1
DA:12,1
LF:2
LH:2
BRF:0
BRH:0
end_of_record
TN:
SF:controllers\instructor.controller.js
FN:42,(anonymous_0)
FN:73,(anonymous_1)
FN:119,(anonymous_2)
FNF:3
FNH:3
FNDA:1,(anonymous_0)
FNDA:1,(anonymous_1)
FNDA:1,(anonymous_2)
DA:1,1
DA:42,1
DA:43,1
DA:44,1
DA:45,1
DA:73,1
DA:74,1
DA:76,1
DA:77,1
DA:78,1
DA:82,1
DA:83,1
DA:84,1
DA:85,1
DA:89,0
DA:92,0
DA:93,0
DA:119,1
DA:120,1
DA:122,1
DA:123,1
DA:125,1
DA:126,0
DA:129,1
DA:131,0
DA:132,0
DA:136,1
LF:27
LH:21
BRDA:84,0,0,1
BRDA:84,0,1,0
BRDA:125,1,0,0
BRDA:125,1,1,1
BRF:4
BRH:2
end_of_record
TN:
SF:controllers\users.controller.js
FN:61,(anonymous_0)
FN:68,(anonymous_1)
FNF:2
FNH:0
FNDA:0,(anonymous_0)
FNDA:0,(anonymous_1)
DA:1,1
DA:23,1
DA:61,1
DA:63,0
DA:64,0
DA:65,0
DA:68,1
DA:69,0
DA:70,0
DA:71,0
DA:72,0
DA:75,1
LF:12
LH:5
BRF:0
BRH:0
end_of_record
TN:
SF:middleware\performance.js
FN:1,(anonymous_0)
FN:4,(anonymous_1)
FNF:2
FNH:2
FNDA:3,(anonymous_0)
FNDA:3,(anonymous_1)
DA:1,1
DA:2,3
DA:4,3
DA:5,3
DA:6,3
DA:7,3
DA:14,3
LF:7
LH:7
BRF:0
BRH:0
end_of_record
TN:
SF:middleware\requestStats.js
FN:1,(anonymous_0)
FNF:1
FNH:1
FNDA:3,(anonymous_0)
DA:1,1
DA:2,3
DA:6,3
LF:3
LH:3
BRF:0
BRH:0
end_of_record
TN:
SF:models\db.js
FN:4,query
FNF:1
FNH:1
FNDA:5,query
DA:1,1
DA:2,1
DA:5,5
DA:6,5
DA:8,5
DA:11,1
LF:6
LH:6
BRF:0
BRH:0
end_of_record
TN:
SF:models\department.model.js
FN:5,(anonymous_0)
FN:11,(anonymous_1)
FNF:2
FNH:0
FNDA:0,(anonymous_0)
FNDA:0,(anonymous_1)
DA:1,1
DA:5,1
DA:6,0
DA:7,0
DA:8,0
DA:11,1
DA:12,0
DA:13,0
DA:14,0
DA:17,1
LF:10
LH:4
BRF:0
BRH:0
end_of_record
TN:
SF:models\instructor.model.js
FN:3,(anonymous_0)
FN:14,(anonymous_1)
FN:20,(anonymous_2)
FN:26,(anonymous_3)
FN:35,(anonymous_4)
FNF:5
FNH:4
FNDA:0,(anonymous_0)
FNDA:1,(anonymous_1)
FNDA:1,(anonymous_2)
FNDA:1,(anonymous_3)
FNDA:1,(anonymous_4)
DA:1,1
DA:3,1
DA:4,0
DA:5,0
DA:6,0
DA:7,0
DA:8,0
DA:9,0
DA:10,0
DA:11,0
DA:14,1
DA:15,1
DA:16,1
DA:17,1
DA:20,1
DA:21,1
DA:22,1
DA:23,1
DA:26,1
DA:27,1
DA:28,1
DA:31,1
DA:32,1
DA:35,1
DA:36,1
DA:40,1
DA:41,1
DA:44,1
LF:28
LH:20
BRF:0
BRH:0
end_of_record
TN:
SF:routes\index.js
FN:6,(anonymous_0)
FNF:1
FNH:0
FNDA:0,(anonymous_0)
DA:1,1
DA:3,1
DA:6,1
DA:7,0
DA:10,1
LF:5
LH:4
BRF:0
BRH:0
end_of_record
TN:
SF:routes\instructors.js
FNF:0
FNH:0
DA:1,1
DA:6,1
DA:8,1
DA:10,1
DA:12,1
DA:14,1
DA:16,1
LF:7
LH:7
BRF:0
BRH:0
end_of_record
TN:
SF:routes\users.js
FNF:0
FNH:0
DA:1,1
DA:2,1
DA:4,1
DA:7,1
DA:9,1
DA:11,1
LF:6
LH:6
BRF:0
BRH:0
end_of_record
